<?xml version="1.0" encoding="UTF-8"?>
<!-- Generated by org.testng.reporters.JUnitXMLReporter -->
<testsuite ignored="0" hostname="LAPTOP-5UR5QVJG" failures="0" tests="2" name="Default test" time="12.184" errors="0" timestamp="2022-08-12T12:54:16 MDT">
  <testcase classname="com.gj.demoblazegj.tests.InvalidLoginTest" name="invalidUserLogin" time="1.576"/>
  <testcase classname="com.gj.demoblazegj.tests.InvalidLoginTest" name="logoutOptionShouldNotDisplay" time="0.1"/>
</testsuite> <!-- Default test -->
