<?xml version="1.0" encoding="UTF-8"?>
<!-- Generated by org.testng.reporters.JUnitXMLReporter -->
<testsuite ignored="0" hostname="LAPTOP-5UR5QVJG" failures="0" tests="11" name="Test" time="69.444" errors="0" timestamp="2022-08-12T12:57:04 MDT">
  <testcase classname="com.gj.demoblazegj.tests.InvalidLoginTest" name="invalidUserLogin" time="2.786"/>
  <testcase classname="com.gj.demoblazegj.tests.InvalidLoginTest" name="logoutOptionShouldNotDisplay" time="0.457"/>
  <testcase classname="com.gj.demoblazegj.tests.MainPageTest" name="validateTitle" time="0.366"/>
  <testcase classname="com.gj.demoblazegj.tests.ValidLoginTest" name="validUserLogin" time="2.946"/>
  <testcase classname="com.gj.demoblazegj.tests.ValidLoginTest" name="loginOptionShouldNotDisplay" time="0.128"/>
  <testcase classname="com.gj.demoblazegj.tests.ValidLoginTest" name="logoutOptionShouldDisplay" time="0.121"/>
  <testcase classname="com.gj.demoblazegj.tests.ValidLoginTest" name="logout" time="7.787"/>
  <testcase classname="com.gj.demoblazegj.tests.SignUpTest" name="closeButtonCancelsSignUp" time="1.534"/>
  <testcase classname="com.gj.demoblazegj.tests.SignUpTest" name="passwordRequired" time="0.59"/>
  <testcase classname="com.gj.demoblazegj.tests.SignUpTest" name="signupExistingUser" time="1.457"/>
  <testcase classname="com.gj.demoblazegj.tests.SignUpTest" name="signupNewUser" time="1.335"/>
</testsuite> <!-- Test -->
