<?xml version="1.0" encoding="UTF-8"?>
<testng-results ignored="0" total="11" passed="11" failed="0" skipped="0">
  <reporter-output>
  </reporter-output>
  <suite started-at="2022-08-12T12:55:55 MDT" name="Suite" finished-at="2022-08-12T12:57:04 MDT" duration-ms="69444">
    <groups>
    </groups>
    <test started-at="2022-08-12T12:55:55 MDT" name="Test" finished-at="2022-08-12T12:57:04 MDT" duration-ms="69444">
      <class name="com.gj.demoblazegj.tests.MainPageTest">
        <test-method is-config="true" signature="launch()[pri:0, instance:com.gj.demoblazegj.tests.MainPageTest@4b013c76]" started-at="2022-08-12T12:56:05 MDT" name="launch" finished-at="2022-08-12T12:56:13 MDT" duration-ms="7494" status="PASS">
          <reporter-output>
          </reporter-output>
        </test-method> <!-- launch -->
        <test-method signature="validateTitle()[pri:0, instance:com.gj.demoblazegj.tests.MainPageTest@4b013c76]" started-at="2022-08-12T12:56:39 MDT" name="validateTitle" finished-at="2022-08-12T12:56:39 MDT" duration-ms="366" status="PASS">
          <reporter-output>
          </reporter-output>
        </test-method> <!-- validateTitle -->
        <test-method is-config="true" signature="quit()[pri:0, instance:com.gj.demoblazegj.tests.MainPageTest@4b013c76]" started-at="2022-08-12T12:57:01 MDT" name="quit" finished-at="2022-08-12T12:57:02 MDT" duration-ms="709" status="PASS">
          <reporter-output>
          </reporter-output>
        </test-method> <!-- quit -->
      </class> <!-- com.gj.demoblazegj.tests.MainPageTest -->
      <class name="com.gj.demoblazegj.tests.ValidLoginTest">
        <test-method is-config="true" signature="setup()[pri:0, instance:com.gj.demoblazegj.tests.ValidLoginTest@53fb3dab]" started-at="2022-08-12T12:56:26 MDT" name="setup" finished-at="2022-08-12T12:56:36 MDT" duration-ms="9530" status="PASS">
          <reporter-output>
          </reporter-output>
        </test-method> <!-- setup -->
        <test-method signature="validUserLogin()[pri:1, instance:com.gj.demoblazegj.tests.ValidLoginTest@53fb3dab]" started-at="2022-08-12T12:56:39 MDT" name="validUserLogin" finished-at="2022-08-12T12:56:42 MDT" duration-ms="2946" status="PASS">
          <reporter-output>
          </reporter-output>
        </test-method> <!-- validUserLogin -->
        <test-method signature="loginOptionShouldNotDisplay()[pri:2, instance:com.gj.demoblazegj.tests.ValidLoginTest@53fb3dab]" started-at="2022-08-12T12:56:42 MDT" name="loginOptionShouldNotDisplay" finished-at="2022-08-12T12:56:42 MDT" duration-ms="128" status="PASS">
          <reporter-output>
          </reporter-output>
        </test-method> <!-- loginOptionShouldNotDisplay -->
        <test-method signature="logoutOptionShouldDisplay()[pri:3, instance:com.gj.demoblazegj.tests.ValidLoginTest@53fb3dab]" started-at="2022-08-12T12:56:42 MDT" name="logoutOptionShouldDisplay" finished-at="2022-08-12T12:56:43 MDT" duration-ms="121" status="PASS">
          <reporter-output>
          </reporter-output>
        </test-method> <!-- logoutOptionShouldDisplay -->
        <test-method signature="logout()[pri:4, instance:com.gj.demoblazegj.tests.ValidLoginTest@53fb3dab]" started-at="2022-08-12T12:56:43 MDT" name="logout" finished-at="2022-08-12T12:56:50 MDT" duration-ms="7787" status="PASS">
          <reporter-output>
          </reporter-output>
        </test-method> <!-- logout -->
        <test-method is-config="true" signature="teardown()[pri:0, instance:com.gj.demoblazegj.tests.ValidLoginTest@53fb3dab]" started-at="2022-08-12T12:57:04 MDT" name="teardown" finished-at="2022-08-12T12:57:04 MDT" duration-ms="572" status="PASS">
          <reporter-output>
          </reporter-output>
        </test-method> <!-- teardown -->
      </class> <!-- com.gj.demoblazegj.tests.ValidLoginTest -->
      <class name="com.gj.demoblazegj.tests.InvalidLoginTest">
        <test-method is-config="true" signature="setup()[pri:0, instance:com.gj.demoblazegj.tests.InvalidLoginTest@663c9e7a]" started-at="2022-08-12T12:55:55 MDT" name="setup" finished-at="2022-08-12T12:56:05 MDT" duration-ms="10436" status="PASS">
          <reporter-output>
          </reporter-output>
        </test-method> <!-- setup -->
        <test-method signature="invalidUserLogin()[pri:1, instance:com.gj.demoblazegj.tests.InvalidLoginTest@663c9e7a]" started-at="2022-08-12T12:56:36 MDT" name="invalidUserLogin" finished-at="2022-08-12T12:56:38 MDT" duration-ms="2786" status="PASS">
          <reporter-output>
          </reporter-output>
        </test-method> <!-- invalidUserLogin -->
        <test-method signature="logoutOptionShouldNotDisplay()[pri:2, instance:com.gj.demoblazegj.tests.InvalidLoginTest@663c9e7a]" started-at="2022-08-12T12:56:38 MDT" name="logoutOptionShouldNotDisplay" finished-at="2022-08-12T12:56:39 MDT" duration-ms="457" status="PASS">
          <reporter-output>
          </reporter-output>
        </test-method> <!-- logoutOptionShouldNotDisplay -->
        <test-method is-config="true" signature="teardown()[pri:0, instance:com.gj.demoblazegj.tests.InvalidLoginTest@663c9e7a]" started-at="2022-08-12T12:56:59 MDT" name="teardown" finished-at="2022-08-12T12:57:01 MDT" duration-ms="2240" status="PASS">
          <reporter-output>
          </reporter-output>
        </test-method> <!-- teardown -->
      </class> <!-- com.gj.demoblazegj.tests.InvalidLoginTest -->
      <class name="com.gj.demoblazegj.tests.SignUpTest">
        <test-method is-config="true" signature="setup()[pri:0, instance:com.gj.demoblazegj.tests.SignUpTest@cb0755b]" started-at="2022-08-12T12:56:13 MDT" name="setup" finished-at="2022-08-12T12:56:26 MDT" duration-ms="13311" status="PASS">
          <reporter-output>
          </reporter-output>
        </test-method> <!-- setup -->
        <test-method is-config="true" signature="refreshPage()[pri:0, instance:com.gj.demoblazegj.tests.SignUpTest@cb0755b]" started-at="2022-08-12T12:56:50 MDT" name="refreshPage" finished-at="2022-08-12T12:56:52 MDT" duration-ms="1211" status="PASS">
          <reporter-output>
          </reporter-output>
        </test-method> <!-- refreshPage -->
        <test-method signature="closeButtonCancelsSignUp()[pri:0, instance:com.gj.demoblazegj.tests.SignUpTest@cb0755b]" started-at="2022-08-12T12:56:52 MDT" name="closeButtonCancelsSignUp" finished-at="2022-08-12T12:56:53 MDT" duration-ms="1534" status="PASS">
          <reporter-output>
          </reporter-output>
        </test-method> <!-- closeButtonCancelsSignUp -->
        <test-method is-config="true" signature="refreshPage()[pri:0, instance:com.gj.demoblazegj.tests.SignUpTest@cb0755b]" started-at="2022-08-12T12:56:53 MDT" name="refreshPage" finished-at="2022-08-12T12:56:54 MDT" duration-ms="815" status="PASS">
          <reporter-output>
          </reporter-output>
        </test-method> <!-- refreshPage -->
        <test-method signature="passwordRequired()[pri:0, instance:com.gj.demoblazegj.tests.SignUpTest@cb0755b]" started-at="2022-08-12T12:56:54 MDT" name="passwordRequired" finished-at="2022-08-12T12:56:54 MDT" duration-ms="590" status="PASS">
          <reporter-output>
          </reporter-output>
        </test-method> <!-- passwordRequired -->
        <test-method is-config="true" signature="refreshPage()[pri:0, instance:com.gj.demoblazegj.tests.SignUpTest@cb0755b]" started-at="2022-08-12T12:56:54 MDT" name="refreshPage" finished-at="2022-08-12T12:56:55 MDT" duration-ms="686" status="PASS">
          <reporter-output>
          </reporter-output>
        </test-method> <!-- refreshPage -->
        <test-method signature="signupExistingUser()[pri:0, instance:com.gj.demoblazegj.tests.SignUpTest@cb0755b]" started-at="2022-08-12T12:56:55 MDT" name="signupExistingUser" finished-at="2022-08-12T12:56:57 MDT" duration-ms="1457" status="PASS">
          <reporter-output>
          </reporter-output>
        </test-method> <!-- signupExistingUser -->
        <test-method is-config="true" signature="refreshPage()[pri:0, instance:com.gj.demoblazegj.tests.SignUpTest@cb0755b]" started-at="2022-08-12T12:56:57 MDT" name="refreshPage" finished-at="2022-08-12T12:56:57 MDT" duration-ms="853" status="PASS">
          <reporter-output>
          </reporter-output>
        </test-method> <!-- refreshPage -->
        <test-method signature="signupNewUser()[pri:0, instance:com.gj.demoblazegj.tests.SignUpTest@cb0755b]" started-at="2022-08-12T12:56:57 MDT" name="signupNewUser" finished-at="2022-08-12T12:56:59 MDT" duration-ms="1335" status="PASS">
          <reporter-output>
          </reporter-output>
        </test-method> <!-- signupNewUser -->
        <test-method is-config="true" signature="teardown()[pri:0, instance:com.gj.demoblazegj.tests.SignUpTest@cb0755b]" started-at="2022-08-12T12:57:02 MDT" name="teardown" finished-at="2022-08-12T12:57:04 MDT" duration-ms="1768" status="PASS">
          <reporter-output>
          </reporter-output>
        </test-method> <!-- teardown -->
      </class> <!-- com.gj.demoblazegj.tests.SignUpTest -->
    </test> <!-- Test -->
  </suite> <!-- Suite -->
</testng-results>
